<?xml version="1.0" encoding="UTF-8"?>
<!-- Generated by org.testng.reporters.JUnitReportReporter -->
<testsuite hostname="DESKTOP-8K3C7AT" failures="0" tests="8" name="org.testnglearners.Testng" time="264.842" errors="0" timestamp="31 Jul 2020 14:16:36 GMT" skipped="0">
  <testcase classname="org.testnglearners.Testng" name="Test2" time="25.095"/>
  <testcase classname="org.testnglearners.Testng" name="testMethod" time="20.829"/>
  <testcase classname="org.testnglearners.Testng" name="Test4" time="24.320"/>
  <testcase classname="org.testnglearners.Testng" name="Test5" time="53.685"/>
  <testcase classname="org.testnglearners.Testng" name="Test3" time="46.469"/>
  <testcase classname="org.testnglearners.Testng" name="Test1" time="30.451"/>
  <testcase classname="org.testnglearners.Testng" name="testMethod" time="27.812"/>
  <testcase classname="org.testnglearners.Testng" name="testMethod" time="36.181"/>
</testsuite> <!-- org.testnglearners.Testng -->
