<?xml version="1.0" encoding="UTF-8"?>
<!-- Generated by org.testng.reporters.JUnitReportReporter -->
<testsuite hostname="DESKTOP-8K3C7AT" failures="0" tests="3" name="org.testnglearners.TestNGparallel" time="35.582" errors="0" timestamp="31 Jul 2020 13:57:14 GMT" skipped="1">
  <testcase classname="org.testnglearners.TestNGparallel" name="Test3" time="18.135"/>
  <testcase classname="org.testnglearners.TestNGparallel" name="Test2" time="17.447"/>
  <testcase classname="org.testnglearners.TestNGparallel" name="Test1">
    <skipped/>
  </testcase> <!-- Test1 -->
</testsuite> <!-- org.testnglearners.TestNGparallel -->
