<?xml version="1.0" encoding="UTF-8"?>
<!-- Generated by org.testng.reporters.JUnitReportReporter -->
<testsuite hostname="DESKTOP-8K3C7AT" failures="0" tests="3" name="org.testnglearners.invoc" time="52.439" errors="0" timestamp="31 Jul 2020 14:24:28 GMT" skipped="0">
  <testcase classname="org.testnglearners.invoc" name="Param" time="17.544"/>
  <testcase classname="org.testnglearners.invoc" name="Param" time="17.572"/>
  <testcase classname="org.testnglearners.invoc" name="Param" time="17.323"/>
</testsuite> <!-- org.testnglearners.invoc -->
